<?xml version="1.0" encoding="UTF-8"?>
<!-- Generated by org.testng.reporters.JUnitReportReporter -->
<testsuite hostname="Enterprises" failures="0" tests="1" name="testscripts.ElectronicTest" time="11.787" errors="0" timestamp="2024-04-14T11:36:43 IST" skipped="0">
  <testcase classname="testscripts.ElectronicTest" name="eclick" time="11.787"/>
  <system-out/>
</testsuite> <!-- testscripts.ElectronicTest -->
